
                                                 Symbol Tables
________________________________________________________________________________________________________________
ST(Global)                                                                               Parent: NULL
________________________________________________________________________________________________________________

Name           Type                Initial Value          Size           Offset         Nested Table
                                                                                                    
lesser_of      function                 -                   4              0            ptr-to-ST(lesser_of)
greater_of     function                 -                   4              4            ptr-to-ST(greater_of)
distance       function                 -                   4              8            ptr-to-ST(distance)
main           function                 -                   4              12           ptr-to-ST(main)

****************************************************************************************************************


________________________________________________________________________________________________________________
ST(lesser_of)                                                                            Parent: Global
________________________________________________________________________________________________________________

Name           Type                Initial Value          Size           Offset         Nested Table
                                                                                                    
x              int                      -                   4              0                null
y              int                      -                   4              4                null
ans            int                      -                   4              12               null
t0             int                                          4              16               null
t1             int                                          4              20               null

****************************************************************************************************************


________________________________________________________________________________________________________________
ST(greater_of)                                                                           Parent: Global
________________________________________________________________________________________________________________

Name           Type                Initial Value          Size           Offset         Nested Table
                                                                                                    
x              int                      -                   4              0                null
y              int                      -                   4              4                null
ans            int                      -                   4              12               null
t0             int                                          4              16               null
t1             int                                          4              20               null

****************************************************************************************************************


________________________________________________________________________________________________________________
ST(distance)                                                                             Parent: Global
________________________________________________________________________________________________________________

Name           Type                Initial Value          Size           Offset         Nested Table
                                                                                                    
x              int                      -                   4              0                null
y              int                      -                   4              4                null
i              int                      -                   4              12               null
j              int                      -                   4              16               null
dis            int                      -                   4              20               null
greater_of     int                      -                   4              24               null
t0             int                                          4              28               null
t1             int                                          4              32               null
lesser_of      int                      -                   4              36               null
t2             int                                          4              40               null
t3             int                                          4              44               null
t4             int                                          4              48               null
t5             int                                          4              52               null

****************************************************************************************************************


________________________________________________________________________________________________________________
ST(main)                                                                                 Parent: Global
________________________________________________________________________________________________________________

Name           Type                Initial Value          Size           Offset         Nested Table
                                                                                                    
a              int                      -                   4              4                null
b              int                      -                   4              8                null
dist           int                      -                   4              12               null
t0             int                      10                  4              16               null
t1             int                                          4              20               null
t2             int                      5                   4              24               null
t3             int                                          4              28               null
difference     int                      -                   4              32               null
t4             int                                          4              36               null
t5             int                                          4              40               null
t6             int                      0                   4              44               null

****************************************************************************************************************


___________________________________________________________________________________________

                                 Three Address Codes
___________________________________________________________________________________________

L0: lesser_of: 
L1:     if x > y goto 4
L2:     goto 5
L3:     goto 9
L4:     goto 7
L5:     t0 = x
L6:     goto 9
L7:     t0 = y
L8:     goto 9
L9:     ans = t0
L10:     return ans

L11: greater_of: 
L12:     if x > y goto 15
L13:     goto 17
L14:     goto 18
L15:     ans = x
L16:     goto 18
L17:     ans = y
L18:     return ans

L19: distance: 
L20:     param x
L21:     param y
L22:     t0 = call greater_of, 2
L23:     i = t0
L24:     param x
L25:     param y
L26:     t2 = call lesser_of, 2
L27:     j = t2
L28:     t4 = i - j
L29:     dis = t4
L30:     return dis

L31: main: 
L32:     t0 = 10
L33:     a = t0
L34:     t2 = 5
L35:     b = t2
L36:     param a
L37:     param b
L38:     t4 = call difference, 2
L39:     dist = t4
L40:     t6 = 0
L41:     return t6
___________________________________________________________________________________________
