
                                                 Symbol Tables
________________________________________________________________________________________________________________
ST(Global)                                                                               Parent: NULL
________________________________________________________________________________________________________________

Name           Type                Initial Value          Size           Offset         Nested Table
                                                                                                    
sqrt           function                 -                   4              0            ptr-to-ST(sqrt)
primeFactors   function                 -                   0              4            ptr-to-ST(primeFactors)
main           function                 -                   4              4            ptr-to-ST(main)

****************************************************************************************************************


________________________________________________________________________________________________________________
ST(sqrt)                                                                                 Parent: Global
________________________________________________________________________________________________________________

Name           Type                Initial Value          Size           Offset         Nested Table
                                                                                                    
a              int                      -                   4              0                null
i              int                      -                   4              8                null
t0             int                      0                   4              12               null
t1             int                                          4              16               null
t2             int                                          4              20               null
t3             int                                          4              24               null
t4             int                                          4              28               null
t5             int                      1                   4              32               null
t6             int                                          4              36               null
t7             int                      0                   4              40               null

****************************************************************************************************************


________________________________________________________________________________________________________________
ST(primeFactors)                                                                         Parent: Global
________________________________________________________________________________________________________________

Name           Type                Initial Value          Size           Offset         Nested Table
                                                                                                    
n              int                      -                   4              0                null
t0             int                      2                   4              4                null
t1             int                                          4              8                null
t2             int                      0                   4              12               null
t3             int                      2                   4              16               null
t4             int                                          4              20               null
t5             int                                          4              24               null
i              int                      -                   4              28               null
t6             int                      3                   4              32               null
t7             int                                          4              36               null
sqrt           int                      -                   4              40               null
t8             int                                          4              44               null
t9             int                      2                   4              48               null
t10            int                                          4              52               null
t11            int                                          4              56               null
t12            int                                          4              60               null
t13            int                      0                   4              64               null
t14            int                                          4              68               null
t15            int                                          4              72               null
t16            int                      2                   4              76               null

****************************************************************************************************************


________________________________________________________________________________________________________________
ST(main)                                                                                 Parent: Global
________________________________________________________________________________________________________________

Name           Type                Initial Value          Size           Offset         Nested Table
                                                                                                    
n              int                      315                 4              4                null
t0             int                      315                 4              8                null
primeFactors   int                      -                   4              12               null
t1             int                                          4              16               null
t2             int                      0                   4              20               null

****************************************************************************************************************


___________________________________________________________________________________________

                                 Three Address Codes
___________________________________________________________________________________________

L0: sqrt: 
L1:     t0 = 0
L2:     i = t0
L3:     if i < a goto 8
L4:     goto 23
L5:     t2 = i
L6:     i = i + 1
L7:     goto 3
L8:     t3 = i * i
L9:     if t3 == a goto 12
L10:     goto 14
L11:     goto 22
L12:     return i
L13:     goto 5
L14:     t4 = i * i
L15:     if t4 > a goto 18
L16:     goto 5
L17:     goto 22
L18:     t5 = 1
L19:     t6 = i - t5
L20:     return t6
L21:     goto 5
L22:     goto 5
L23:     t7 = 0
L24:     return t7

L25: primeFactors: 
L26:     t0 = 2
L27:     t1 = n % t0
L28:     t2 = 0
L29:     if t1 == t2 goto 31
L30:     goto 35
L31:     t3 = 2
L32:     t4 = n / t3
L33:     n = t4
L34:     goto 26
L35:     t6 = 3
L36:     i = t6
L37:     param n
L38:     t8 = call sqrt, 1
L39:     if i <= t8 goto 45
L40:     goto 53
L41:     t9 = 2
L42:     t10 = i + t9
L43:     i = t10
L44:     goto 37
L45:     t12 = n % i
L46:     t13 = 0
L47:     if t12 == t13 goto 49
L48:     goto 41
L49:     t14 = n / i
L50:     n = t14
L51:     goto 45
L52:     goto 41
L53:     t16 = 2
L54:     if n > t16 goto 57
L55:     goto 
L56:     goto 59
L57:     return 
L58:     goto 

L59: main: 
L60:     t0 = 315
L61:     n = t0
L62:     param n
L63:     t1 = call primeFactors, 1
L64:     t2 = 0
L65:     return t2
___________________________________________________________________________________________
