
                                                 Symbol Tables
________________________________________________________________________________________________________________
ST(Global)                                                                               Parent: NULL
________________________________________________________________________________________________________________

Name           Type                Initial Value          Size           Offset         Nested Table
                                                                                                    
swap           function                 -                   0              0            ptr-to-ST(swap)
find_greater   function                 -                   4              0            ptr-to-ST(find_greater)
find_smaller   function                 -                   4              4            ptr-to-ST(find_smaller)
main           function                 -                   4              8            ptr-to-ST(main)

****************************************************************************************************************


________________________________________________________________________________________________________________
ST(swap)                                                                                 Parent: Global
________________________________________________________________________________________________________________

Name           Type                Initial Value          Size           Offset         Nested Table
                                                                                                    
a              ptr(int)                 -                   4              0                null
b              ptr(int)                 -                   4              4                null
temp           int                      -                   4              8                null
t0             int                                          4              12               null
t1             int                                          4              16               null
t2             int                                          4              20               null
t3             int                                          4              24               null
t4             int                                          4              28               null

****************************************************************************************************************


________________________________________________________________________________________________________________
ST(find_greater)                                                                         Parent: Global
________________________________________________________________________________________________________________

Name           Type                Initial Value          Size           Offset         Nested Table
                                                                                                    
a              int                      -                   4              0                null
b              int                      -                   4              4                null

****************************************************************************************************************


________________________________________________________________________________________________________________
ST(find_smaller)                                                                         Parent: Global
________________________________________________________________________________________________________________

Name           Type                Initial Value          Size           Offset         Nested Table
                                                                                                    
a              int                      -                   4              0                null
b              int                      -                   4              4                null

****************************************************************************************************************


________________________________________________________________________________________________________________
ST(main)                                                                                 Parent: Global
________________________________________________________________________________________________________________

Name           Type                Initial Value          Size           Offset         Nested Table
                                                                                                    
num1           int                      5                   4              4                null
t0             int                      5                   4              8                null
num2           int                      10                  4              12               null
t1             int                      10                  4              16               null
c              int                      -                   4              20               null
d              int                      -                   4              24               null
swap           int                      -                   4              28               null
t2             ptr(int)                                     4              32               null
t3             ptr(int)                                     4              36               null
t4             int                                          4              40               null
find_greater   int                      -                   4              44               null
a              int                      -                   4              48               null
b              int                      -                   4              52               null
t5             int                                          4              56               null
t6             int                                          4              60               null
find_smaller   int                      -                   4              64               null
t7             int                                          4              68               null
t8             int                                          4              72               null
t9             int                      0                   4              76               null

****************************************************************************************************************


___________________________________________________________________________________________

                                 Three Address Codes
___________________________________________________________________________________________

L0: swap: 
L1:     t0 = *a
L2:     temp = t0
L3:     t2 = *a
L4:     t3 = *b
L5:     *a = t3
L6:     t4 = *b
L7:     *b = temp

L8: find_greater: 
L9:     if a < b goto 12
L10:     goto 14
L11:     goto 15
L12:     return b
L13:     goto 
L14:     return a

L15: find_smaller: 
L16:     if a < b goto 19
L17:     goto 21
L18:     goto 22
L19:     return a
L20:     goto 
L21:     return b

L22: main: 
L23:     t0 = 5
L24:     num1 = t0
L25:     t1 = 10
L26:     num2 = t1
L27:     t2 = &num1
L28:     param t2
L29:     t3 = &num2
L30:     param t3
L31:     t4 = call swap, 2
L32:     param a
L33:     param b
L34:     t5 = call find_greater, 2
L35:     c = t5
L36:     param a
L37:     param b
L38:     t7 = call find_smaller, 2
L39:     d = t7
L40:     t9 = 0
L41:     return t9
___________________________________________________________________________________________
