
                                                 Symbol Tables
________________________________________________________________________________________________________________
ST(Global)                                                                               Parent: NULL
________________________________________________________________________________________________________________

Name           Type                Initial Value          Size           Offset         Nested Table
                                                                                                    
fib            function                 -                   4              0            ptr-to-ST(fib)
main           function                 -                   4              4            ptr-to-ST(main)

****************************************************************************************************************


________________________________________________________________________________________________________________
ST(fib)                                                                                  Parent: Global
________________________________________________________________________________________________________________

Name           Type                Initial Value          Size           Offset         Nested Table
                                                                                                    
n              int                      -                   4              0                null
t0             int                      1                   4              8                null
fib            int                      -                   4              12               null
t1             int                      1                   4              16               null
t2             int                                          4              20               null
t3             int                                          4              24               null
t4             int                      2                   4              28               null
t5             int                                          4              32               null
t6             int                                          4              36               null
t7             int                                          4              40               null

****************************************************************************************************************


________________________________________________________________________________________________________________
ST(main)                                                                                 Parent: Global
________________________________________________________________________________________________________________

Name           Type                Initial Value          Size           Offset         Nested Table
                                                                                                    
sum            array(10,array(10,int))  -                   400            4                null
t0             int                      10                  4              404              null
t1             int                      10                  4              408              null
i              int                      0                   4              412              null
t2             int                      0                   4              416              null
j              int                      0                   4              420              null
t3             int                      0                   4              424              null
t4             int                      0                   4              428              null
t5             int                                          4              432              null
t6             int                      10                  4              436              null
t7             int                                          4              440              null
t8             int                      0                   4              444              null
t9             int                                          4              448              null
t10            int                      10                  4              452              null
t11            int                                          4              456              null
t12            int                                          4              460              null
t13            int                                          4              464              null
t14            int                                          4              468              null
t15            int                                          4              472              null
t16            int                                          4              476              null
n              int                      -                   4              480              null
t17            int                      5                   4              484              null
t18            int                                          4              488              null
ans            int                      -                   4              492              null
fib            int                      -                   4              496              null
t19            int                                          4              500              null
t20            int                                          4              504              null
t21            int                      0                   4              508              null

****************************************************************************************************************


___________________________________________________________________________________________

                                 Three Address Codes
___________________________________________________________________________________________

L0: fib: 
L1:     t0 = 1
L2:     if n <= t0 goto 5
L3:     goto 7
L4:     goto 17
L5:     return n
L6:     goto 17
L7:     t1 = 1
L8:     t2 = n - t1
L9:     param t2
L10:     t3 = call fib, 1
L11:     t4 = 2
L12:     t5 = n - t4
L13:     param t5
L14:     t6 = call fib, 1
L15:     t7 = t3 + t6
L16:     return t7
L17:     return 

L18: main: 
L19:     t0 = 10
L20:     t1 = 10
L21:     t2 = 0
L22:     i = t2
L23:     t3 = 0
L24:     j = t3
L25:     t4 = 0
L26:     i = t4
L27:     t6 = 10
L28:     if i < t6 goto 33
L29:     goto 48
L30:     t7 = i
L31:     i = i + 1
L32:     goto 27
L33:     t8 = 0
L34:     j = t8
L35:     t10 = 10
L36:     if j < t10 goto 41
L37:     goto 30
L38:     t11 = j
L39:     j = j + 1
L40:     goto 35
L41:     t12 = i * 40
L42:     t14 = j * 4
L43:     t13 = t12 + t14
L44:     t15 = i + j
L45:     sum[t13] = t15
L46:     goto 38
L47:     goto 30
L48:     t17 = 5
L49:     n = t17
L50:     param n
L51:     t19 = call fib, 1
L52:     ans = t19
L53:     t21 = 0
L54:     return t21
___________________________________________________________________________________________
