
                                                 Symbol Tables
________________________________________________________________________________________________________________
ST(Global)                                                                               Parent: NULL
________________________________________________________________________________________________________________

Name           Type                Initial Value          Size           Offset         Nested Table
                                                                                                    
main           function                 -                   4              0            ptr-to-ST(main)

****************************************************************************************************************


________________________________________________________________________________________________________________
ST(main)                                                                                 Parent: Global
________________________________________________________________________________________________________________

Name           Type                Initial Value          Size           Offset         Nested Table
                                                                                                    
a              int                      -                   4              4                null
b              int                      -                   4              8                null
c              int                      -                   4              12               null
d              int                      -                   4              16               null
e              int                      -                   4              20               null
f              int                      -                   4              24               null
g              int                      -                   4              28               null
h              int                      -                   4              32               null
t0             int                      10                  4              36               null
t1             int                                          4              40               null
t2             int                      100                 4              44               null
t3             int                                          4              48               null
t4             int                                          4              52               null
t5             int                                          4              56               null
t6             int                                          4              60               null
t7             int                                          4              64               null
t8             int                                          4              68               null
t9             int                                          4              72               null
t10            int                                          4              76               null
t11            int                                          4              80               null
t12            int                                          4              84               null
t13            int                                          4              88               null
i              int                      0                   4              92               null
t14            int                      0                   4              96               null
sum            array(10,int)            -                   40             100              null
t15            int                      10                  4              140              null
t16            int                      0                   4              144              null
t17            int                                          4              148              null
t18            int                      10                  4              152              null
t19            int                                          4              156              null
t20            int                                          4              160              null
t21            int                                          4              164              null
p              float                    -                   8              168              null
q              float                    -                   8              176              null
f_sum          float                    0.0                 8              184              null
t22            float                    0.0                 8              192              null
t23            float                    1.0                 8              200              null
t24            float                                        8              208              null
t25            float                    2.3                 8              216              null
t26            float                                        8              224              null
bt             int                      -                   4              232              null
t27            int                                          4              236              null
t28            float                                        8              240              null
x              char                     'a'                 1              248              null
t29            char                     'a'                 1              249              null
y              char                     'b'                 1              250              null
t30            char                     'b'                 1              251              null
m              int                      4                   4              252              null
t31            int                      4                   4              256              null
n              int                      3                   4              260              null
t32            int                      3                   4              264              null
o              float                    -                   8              268              null
t33            float                                        8              276              null
t34            int                                          4              284              null
t35            int                                          4              288              null
t36            int                      0                   4              292              null

****************************************************************************************************************


___________________________________________________________________________________________

                                 Three Address Codes
___________________________________________________________________________________________

L0: main: 
L1:     t0 = 10
L2:     a = t0
L3:     t2 = 100
L4:     b = t2
L5:     t4 = a + b
L6:     c = t4
L7:     t6 = a - b
L8:     d = t6
L9:     t8 = a * b
L10:     e = t8
L11:     t10 = a / b
L12:     f = t10
L13:     t12 = a % b
L14:     g = t12
L15:     t14 = 0
L16:     i = t14
L17:     t15 = 10
L18:     t16 = 0
L19:     i = t16
L20:     t18 = 10
L21:     if i < t18 goto 26
L22:     goto 29
L23:     t19 = i
L24:     i = i + 1
L25:     goto 20
L26:     t20 = i * 4
L27:     sum[t20] = i
L28:     goto 23
L29:     t22 = 0.0
L30:     f_sum = t22
L31:     t23 = 1.0
L32:     p = t23
L33:     t25 = 2.3
L34:     q = t25
L35:     t27 = a + bt
L36:     t28 = int2float(t27)
L37:     f_sum = t28
L38:     t29 = 'a'
L39:     x = t29
L40:     t30 = 'b'
L41:     y = t30
L42:     t31 = 4
L43:     m = t31
L44:     t32 = 3
L45:     n = t32
L46:     t33 = int2float(m)
L47:     t34 = float2int(t33)
L48:     t35 = t34 / n
L49:     o = t35
L50:     t36 = 0
L51:     return t36
___________________________________________________________________________________________
